Arguments: 
  C:\Program Files\nodejs\node.exe C:\Users\butch\AppData\Roaming\npm\node_modules\yarn\bin\yarn.js install

PATH: 
  C:\Users\butch\bin;C:\Program Files\Git\mingw64\bin;C:\Program Files\Git\usr\local\bin;C:\Program Files\Git\usr\bin;C:\Program Files\Git\usr\bin;C:\Program Files\Git\mingw64\bin;C:\Program Files\Git\usr\bin;C:\Users\butch\bin;C:\Windows\system32;C:\Windows;C:\Windows\System32\Wbem;C:\Windows\System32\WindowsPowerShell\v1.0;C:\Windows\System32\OpenSSH;C:\Program Files\Git\cmd;C:\Program Files\NVIDIA Corporation\NVIDIA NvDLISR;C:\Program Files (x86)\NVIDIA Corporation\PhysX\Common;C:\Program Files\dotnet;C:\Program Files\Microsoft SQL Server\150\Tools\Binn;C:\Program Files\Microsoft SQL Server\Client SDK\ODBC\170\Tools\Binn;C:\Users\butch\AppData\Roaming\nvm;C:\Program Files\nodejs;C:\Program Files (x86)\Microsoft SQL Server\160\Tools\Binn;C:\Program Files\Microsoft SQL Server\160\Tools\Binn;C:\Program Files\Microsoft SQL Server\160\DTS\Binn;C:\Program Files (x86)\Microsoft SQL Server\160\DTS\Binn;C:\Program Files\Azure Data Studio\bin;C:\Program Files\MySQL\MySQL Shell 8.0\bin;C:\Users\butch\AppData\Local\Microsoft\WindowsApps;C:\Users\butch\AppData\Roaming\npm;C:\Users\butch\AppData\Local\Programs\Microsoft VS Code\bin;C:\Users\butch\.dotnet\tools;C:\Users\butch\AppData\Roaming\nvm;C:\Program Files\nodejs;C:\Program Files\Azure Data Studio\bin;C:\Program Files\Git\usr\bin\vendor_perl;C:\Program Files\Git\usr\bin\core_perl

Yarn version: 
  1.22.19

Node version: 
  16.20.1

Platform: 
  win32 x64

Trace: 
  SyntaxError: D:\[Programacion]\[JS]\challenge CFG\client\package.json: Unexpected token } in JSON at position 580
      at JSON.parse (<anonymous>)
      at C:\Users\butch\AppData\Roaming\npm\node_modules\yarn\lib\cli.js:1629:59
      at Generator.next (<anonymous>)
      at step (C:\Users\butch\AppData\Roaming\npm\node_modules\yarn\lib\cli.js:310:30)
      at C:\Users\butch\AppData\Roaming\npm\node_modules\yarn\lib\cli.js:321:13

npm manifest: 
  {
    "name": "client",
    "version": "0.1.0",
    "private": true,
    "scripts": {
      "dev": "next dev",
      "build": "next build",
      "start": "next start",
      "lint": "next lint"
    },
    "dependencies": {
      "@mui/styled-engine-sc": "^5.14.6",
      "@mui/x-date-pickers": "^6.12.0",
      "dayjs": "^1.11.9",
      "next": "13.4.19",
      "react": "18.2.0",
      "react-dom": "18.2.0",
      "styled-components": "^5.3.11",
      "@mui/material": "^5.0.0"
    },
    "devDependencies": {
      "@mui/styled-engine": "npm:@mui/styled-engine-sc@latest",
      "@types/styled-components": "^5.1.14",
    },
    "resolutions": {
      "@mui/styled-engine": "npm:@mui/styled-engine-sc@latest"
    }
  }

yarn manifest: 
  No manifest

Lockfile: 
  No lockfile
